Info: *******************************************************************
Info: Running Quartus Prime Shell
    Info: Version 17.1.0 Build 590 10/25/2017 SJ Lite Edition
    Info: Copyright (C) 2017  Intel Corporation. All rights reserved.
    Info: Your use of Intel Corporation's design tools, logic functions 
    Info: and other software and tools, and its AMPP partner logic 
    Info: functions, and any output files from any of the foregoing 
    Info: (including device programming or simulation files), and any 
    Info: associated documentation or information are expressly subject 
    Info: to the terms and conditions of the Intel Program License 
    Info: Subscription Agreement, the Intel Quartus Prime License Agreement,
    Info: the Intel FPGA IP License Agreement, or other applicable license
    Info: agreement, including, without limitation, that your use is for
    Info: the sole purpose of programming logic devices manufactured by
    Info: Intel and sold by Intel or its authorized distributors.  Please
    Info: refer to the applicable agreement for further details.
    Info: Processing started: Sat May 20 02:17:34 2023
Info: Command: quartus_sh -t ..//DeMiSTify/Scripts/mkproject.tcl -project ep -board deca -rootpath ../
Info: Quartus(args): -project ep -board deca -rootpath ../
Info (125061): Changed top-level design entity name to "deca_top"
Board-specific project override not found, or contains errors.
Error (23031): Evaluation of Tcl script ..//DeMiSTify/Scripts/mkproject.tcl unsuccessful
Error: Quartus Prime Shell was unsuccessful. 1 error, 0 warnings
    Error: Peak virtual memory: 777 megabytes
    Error: Processing ended: Sat May 20 02:17:34 2023
    Error: Elapsed time: 00:00:00
    Error: Total CPU time (on all processors): 00:00:00
